  Bomb.cpp
C:\Users\gogof\OneDrive\Desktop\프로젝트W\프로젝트W 초기ver\Client\Bomb.cpp(30,17): warning C4244: '초기화 중': 'int'에서 'float'(으)로 변환하면서 데이터가 손실될 수 있습니다.
  (소스 파일 '/Bomb.cpp'을(를) 컴파일하는 중)
  
C:\Users\gogof\OneDrive\Desktop\프로젝트W\프로젝트W 초기ver\Client\Bomb.cpp(31,17): warning C4244: '초기화 중': 'int'에서 'float'(으)로 변환하면서 데이터가 손실될 수 있습니다.
  (소스 파일 '/Bomb.cpp'을(를) 컴파일하는 중)
  
  Brick.cpp
C:\Users\gogof\OneDrive\Desktop\프로젝트W\프로젝트W 초기ver\Client\Brick.cpp(87,11): warning C4244: '초기화 중': 'int'에서 'float'(으)로 변환하면서 데이터가 손실될 수 있습니다.
  (소스 파일 '/Brick.cpp'을(를) 컴파일하는 중)
  
C:\Users\gogof\OneDrive\Desktop\프로젝트W\프로젝트W 초기ver\Client\Brick.cpp(88,11): warning C4244: '초기화 중': 'int'에서 'float'(으)로 변환하면서 데이터가 손실될 수 있습니다.
  (소스 파일 '/Brick.cpp'을(를) 컴파일하는 중)
  
  Collider.cpp
  CollisionMgr.cpp
  Ground.cpp
  InfiniteLevel.cpp
  Missile.cpp
  Monster.cpp
  Player.cpp
  RunningLevel.cpp
C:\Users\gogof\OneDrive\Desktop\프로젝트W\프로젝트W 초기ver\Client\RunningLevel.cpp(114,17): warning C4244: '초기화 중': 'int'에서 'float'(으)로 변환하면서 데이터가 손실될 수 있습니다.
  (소스 파일 '/RunningLevel.cpp'을(를) 컴파일하는 중)
  
C:\Users\gogof\OneDrive\Desktop\프로젝트W\프로젝트W 초기ver\Client\RunningLevel.cpp(115,18): warning C4244: '초기화 중': 'int'에서 'float'(으)로 변환하면서 데이터가 손실될 수 있습니다.
  (소스 파일 '/RunningLevel.cpp'을(를) 컴파일하는 중)
  
  SpawnMgr.cpp
  코드를 생성하고 있습니다...
  Client.vcxproj -> C:\Users\gogof\OneDrive\Desktop\프로젝트W\프로젝트W 초기ver\OutputFile\Bin\MyGame_D.exe
